TN:
SF:/Users/shivamsingh/Documents/Projects/auzmor/tusky-webpack/src/nav-bar/NavBar.spec.ts
FN:3,(anonymous_0)
FN:5,(anonymous_1)
FN:8,(anonymous_2)
FNF:3
FNH:3
FNDA:1,(anonymous_0)
FNDA:1,(anonymous_1)
FNDA:1,(anonymous_2)
DA:1,1
DA:3,1
DA:5,1
DA:6,1
DA:8,1
DA:9,1
DA:10,1
LF:7
LH:7
BRF:0
BRH:0
end_of_record
TN:
SF:/Users/shivamsingh/Documents/Projects/auzmor/tusky-webpack/src/nav-bar/nav-bar.ts
FN:91,(anonymous_0)
FNF:1
FNH:1
FNDA:1,(anonymous_0)
DA:1,1
DA:2,1
DA:89,1
DA:92,1
DA:93,1
DA:94,1
DA:95,1
LF:7
LH:7
BRF:0
BRH:0
end_of_record
TN:
SF:/Users/shivamsingh/Documents/Projects/auzmor/tusky-webpack/src/task-card/TaskCard.spec.ts
FN:3,(anonymous_0)
FN:5,(anonymous_1)
FN:8,(anonymous_2)
FNF:3
FNH:3
FNDA:1,(anonymous_0)
FNDA:1,(anonymous_1)
FNDA:1,(anonymous_2)
DA:1,1
DA:3,1
DA:5,1
DA:6,1
DA:8,1
DA:9,1
DA:10,1
LF:7
LH:7
BRF:0
BRH:0
end_of_record
TN:
SF:/Users/shivamsingh/Documents/Projects/auzmor/tusky-webpack/src/task-card/task-card.ts
FN:153,(anonymous_1)
FN:160,(anonymous_2)
FN:136,(anonymous_3)
FN:139,(anonymous_4)
FN:143,(anonymous_5)
FN:147,(anonymous_6)
FN:163,(anonymous_7)
FN:165,(anonymous_8)
FN:166,(anonymous_9)
FN:173,(anonymous_10)
FN:206,(anonymous_11)
FN:219,(anonymous_12)
FN:224,(anonymous_13)
FNF:13
FNH:2
FNDA:1,(anonymous_1)
FNDA:0,(anonymous_2)
FNDA:0,(anonymous_3)
FNDA:0,(anonymous_4)
FNDA:1,(anonymous_5)
FNDA:0,(anonymous_6)
FNDA:0,(anonymous_7)
FNDA:0,(anonymous_8)
FNDA:0,(anonymous_9)
FNDA:0,(anonymous_10)
FNDA:0,(anonymous_11)
FNDA:0,(anonymous_12)
FNDA:0,(anonymous_13)
DA:4,1
DA:5,1
DA:130,1
DA:133,1
DA:134,1
DA:137,0
DA:140,0
DA:144,1
DA:148,0
DA:149,0
DA:154,1
DA:155,1
DA:156,1
DA:157,1
DA:158,1
DA:159,1
DA:160,0
DA:164,0
DA:165,0
DA:166,0
DA:174,0
DA:175,0
DA:176,0
DA:177,0
DA:178,0
DA:179,0
DA:180,0
DA:181,0
DA:192,0
DA:193,0
DA:195,0
DA:196,0
DA:207,0
DA:208,0
DA:209,0
DA:210,0
DA:211,0
DA:212,0
DA:220,0
DA:221,0
DA:225,0
DA:226,0
DA:227,0
LF:43
LH:12
BRDA:175,0,0,0
BRDA:175,0,1,0
BRF:2
BRH:0
end_of_record
TN:
SF:/Users/shivamsingh/Documents/Projects/auzmor/tusky-webpack/src/task-item/TaskItem.spec.ts
FN:3,(anonymous_0)
FN:5,(anonymous_1)
FN:8,(anonymous_2)
FNF:3
FNH:3
FNDA:1,(anonymous_0)
FNDA:1,(anonymous_1)
FNDA:1,(anonymous_2)
DA:1,1
DA:3,1
DA:5,1
DA:6,1
DA:8,1
DA:9,1
DA:10,1
LF:7
LH:7
BRF:0
BRH:0
end_of_record
TN:
SF:/Users/shivamsingh/Documents/Projects/auzmor/tusky-webpack/src/task-item/task-item.ts
FN:177,(anonymous_0)
FN:181,(anonymous_1)
FN:185,(anonymous_2)
FN:194,(anonymous_3)
FN:197,(anonymous_4)
FN:204,(anonymous_5)
FN:207,(anonymous_6)
FN:214,(anonymous_7)
FN:217,(anonymous_8)
FN:225,(anonymous_9)
FN:242,(anonymous_10)
FN:246,(anonymous_11)
FN:248,(anonymous_12)
FN:249,(anonymous_13)
FN:252,(anonymous_14)
FN:274,(anonymous_15)
FN:283,(anonymous_16)
FN:284,(anonymous_17)
FN:288,(anonymous_18)
FN:296,(anonymous_19)
FN:307,(anonymous_20)
FN:308,(anonymous_21)
FN:318,(anonymous_22)
FN:330,(anonymous_23)
FN:341,(anonymous_24)
FN:354,(anonymous_25)
FN:361,(anonymous_26)
FNF:27
FNH:2
FNDA:1,(anonymous_0)
FNDA:0,(anonymous_1)
FNDA:0,(anonymous_2)
FNDA:0,(anonymous_3)
FNDA:0,(anonymous_4)
FNDA:0,(anonymous_5)
FNDA:0,(anonymous_6)
FNDA:0,(anonymous_7)
FNDA:0,(anonymous_8)
FNDA:1,(anonymous_9)
FNDA:0,(anonymous_10)
FNDA:0,(anonymous_11)
FNDA:0,(anonymous_12)
FNDA:0,(anonymous_13)
FNDA:0,(anonymous_14)
FNDA:0,(anonymous_15)
FNDA:0,(anonymous_16)
FNDA:0,(anonymous_17)
FNDA:0,(anonymous_18)
FNDA:0,(anonymous_19)
FNDA:0,(anonymous_20)
FNDA:0,(anonymous_21)
FNDA:0,(anonymous_22)
FNDA:0,(anonymous_23)
FNDA:0,(anonymous_24)
FNDA:0,(anonymous_25)
FNDA:0,(anonymous_26)
DA:3,1
DA:4,1
DA:84,1
DA:85,1
DA:171,1
DA:178,1
DA:182,0
DA:186,0
DA:187,0
DA:190,0
DA:195,0
DA:198,0
DA:199,0
DA:201,0
DA:205,0
DA:208,0
DA:209,0
DA:211,0
DA:215,0
DA:218,0
DA:219,0
DA:221,0
DA:226,1
DA:227,1
DA:229,1
DA:238,1
DA:239,1
DA:243,0
DA:245,0
DA:246,0
DA:248,0
DA:249,0
DA:253,0
DA:255,0
DA:256,0
DA:257,0
DA:259,0
DA:260,0
DA:261,0
DA:263,0
DA:264,0
DA:266,0
DA:275,0
DA:277,0
DA:278,0
DA:279,0
DA:280,0
DA:281,0
DA:282,0
DA:283,0
DA:284,0
DA:285,0
DA:286,0
DA:288,0
DA:290,0
DA:292,0
DA:293,0
DA:294,0
DA:295,0
DA:296,0
DA:297,0
DA:298,0
DA:300,0
DA:308,0
DA:309,0
DA:319,0
DA:321,0
DA:322,0
DA:331,0
DA:332,0
DA:333,0
DA:342,0
DA:343,0
DA:344,0
DA:345,0
DA:346,0
DA:347,0
DA:348,0
DA:355,0
DA:362,0
DA:363,0
DA:364,0
DA:365,0
DA:366,0
DA:367,0
DA:368,0
LF:86
LH:11
BRDA:186,0,0,0
BRDA:186,0,1,0
BRDA:198,1,0,0
BRDA:198,1,1,0
BRDA:208,2,0,0
BRDA:208,2,1,0
BRDA:218,3,0,0
BRDA:218,3,1,0
BRDA:245,4,0,0
BRDA:245,4,1,0
BRDA:254,5,0,0
BRDA:254,5,1,0
BRDA:254,5,2,0
BRDA:263,6,0,0
BRDA:263,6,1,0
BRDA:276,7,0,0
BRDA:276,7,1,0
BRDA:332,8,0,0
BRDA:332,8,1,0
BRF:19
BRH:0
end_of_record
TN:
SF:/Users/shivamsingh/Documents/Projects/auzmor/tusky-webpack/tests/unit/spec-bundle.js
FN:5,requireAll
FNF:1
FNH:1
FNDA:1,requireAll
DA:1,1
DA:3,1
DA:6,1
DA:9,1
LF:4
LH:4
BRF:0
BRH:0
end_of_record
